# JRE version: OpenJDK Runtime Environment (8.0_76-b03) (build 1.8.0_76-release-b03)
# Java VM: OpenJDK 64-Bit Server VM (25.76-b03 mixed mode windows-amd64 compressed oops)
Heap:
 PSYoungGen      total 53248K, used 42500K [0x00000000e0000000, 0x00000000e3c80000, 0x0000000100000000)
  eden space 46592K, 79% used [0x00000000e0000000,0x00000000e2424d60,0x00000000e2d80000)
  from space 6656K, 82% used [0x00000000e3480000,0x00000000e39dc5d0,0x00000000e3b00000)
  to   space 7168K, 0% used [0x00000000e2d80000,0x00000000e2d80000,0x00000000e3480000)
 ParOldGen       total 48640K, used 33039K [0x00000000a0000000, 0x00000000a2f80000, 0x00000000e0000000)
  object space 48640K, 67% used [0x00000000a0000000,0x00000000a2043f60,0x00000000a2f80000)
 Metaspace       used 51094K, capacity 52782K, committed 52912K, reserved 1095680K
  class space    used 6947K, capacity 7309K, committed 7344K, reserved 1048576K
GC Heap History (10 events):
Event: 112.139 GC heap before
{Heap before GC invocations=32 (full 2):
 PSYoungGen      total 30208K, used 25696K [0x00000000e0000000, 0x00000000e2900000, 0x0000000100000000)
  eden space 24576K, 100% used [0x00000000e0000000,0x00000000e1800000,0x00000000e1800000)
  from space 5632K, 19% used [0x00000000e1800000,0x00000000e1918010,0x00000000e1d80000)
  to   space 5632K, 0% used [0x00000000e2380000,0x00000000e2380000,0x00000000e2900000)
 ParOldGen       total 48640K, used 23013K [0x00000000a0000000, 0x00000000a2f80000, 0x00000000e0000000)
  object space 48640K, 47% used [0x00000000a0000000,0x00000000a16796b0,0x00000000a2f80000)
 Metaspace       used 43906K, capacity 44846K, committed 45104K, reserved 1087488K
  class space    used 5842K, capacity 6121K, committed 6192K, reserved 1048576K
Event: 112.148 GC heap after
Heap after GC invocations=32 (full 2):
 PSYoungGen      total 36352K, used 608K [0x00000000e0000000, 0x00000000e2900000, 0x0000000100000000)
  eden space 30720K, 0% used [0x00000000e0000000,0x00000000e0000000,0x00000000e1e00000)
  from space 5632K, 10% used [0x00000000e2380000,0x00000000e2418000,0x00000000e2900000)
  to   space 5632K, 0% used [0x00000000e1e00000,0x00000000e1e00000,0x00000000e2380000)
 ParOldGen       total 48640K, used 24061K [0x00000000a0000000, 0x00000000a2f80000, 0x00000000e0000000)
  object space 48640K, 49% used [0x00000000a0000000,0x00000000a177f6d0,0x00000000a2f80000)
 Metaspace       used 43906K, capacity 44846K, committed 45104K, reserved 1087488K
  class space    used 5842K, capacity 6121K, committed 6192K, reserved 1048576K
}
Event: 113.631 GC heap before
{Heap before GC invocations=33 (full 2):
 PSYoungGen      total 36352K, used 31328K [0x00000000e0000000, 0x00000000e2900000, 0x0000000100000000)
  eden space 30720K, 100% used [0x00000000e0000000,0x00000000e1e00000,0x00000000e1e00000)
  from space 5632K, 10% used [0x00000000e2380000,0x00000000e2418000,0x00000000e2900000)
  to   space 5632K, 0% used [0x00000000e1e00000,0x00000000e1e00000,0x00000000e2380000)
 ParOldGen       total 48640K, used 24061K [0x00000000a0000000, 0x00000000a2f80000, 0x00000000e0000000)
  object space 48640K, 49% used [0x00000000a0000000,0x00000000a177f6d0,0x00000000a2f80000)
 Metaspace       used 45238K, capacity 46304K, committed 46640K, reserved 1089536K
  class space    used 6058K, capacity 6364K, committed 6448K, reserved 1048576K
Event: 113.717 GC heap after
Heap after GC invocations=33 (full 2):
 PSYoungGen      total 36352K, used 3732K [0x00000000e0000000, 0x00000000e3100000, 0x0000000100000000)
  eden space 30720K, 0% used [0x00000000e0000000,0x00000000e0000000,0x00000000e1e00000)
  from space 5632K, 66% used [0x00000000e1e00000,0x00000000e21a5008,0x00000000e2380000)
  to   space 5632K, 0% used [0x00000000e2b80000,0x00000000e2b80000,0x00000000e3100000)
 ParOldGen       total 48640K, used 24445K [0x00000000a0000000, 0x00000000a2f80000, 0x00000000e0000000)
  object space 48640K, 50% used [0x00000000a0000000,0x00000000a17df6d0,0x00000000a2f80000)
 Metaspace       used 45238K, capacity 46304K, committed 46640K, reserved 1089536K
  class space    used 6058K, capacity 6364K, committed 6448K, reserved 1048576K
}
Event: 122.849 GC heap before
{Heap before GC invocations=34 (full 2):
 PSYoungGen      total 36352K, used 34452K [0x00000000e0000000, 0x00000000e3100000, 0x0000000100000000)
  eden space 30720K, 100% used [0x00000000e0000000,0x00000000e1e00000,0x00000000e1e00000)
  from space 5632K, 66% used [0x00000000e1e00000,0x00000000e21a5008,0x00000000e2380000)
  to   space 5632K, 0% used [0x00000000e2b80000,0x00000000e2b80000,0x00000000e3100000)
 ParOldGen       total 48640K, used 24445K [0x00000000a0000000, 0x00000000a2f80000, 0x00000000e0000000)
  object space 48640K, 50% used [0x00000000a0000000,0x00000000a17df6d0,0x00000000a2f80000)
 Metaspace       used 46505K, capacity 47830K, committed 48048K, reserved 1091584K
  class space    used 6241K, capacity 6539K, committed 6576K, reserved 1048576K
Event: 122.969 GC heap after
Heap after GC invocations=34 (full 2):
 PSYoungGen      total 44544K, used 3370K [0x00000000e0000000, 0x00000000e3100000, 0x0000000100000000)
  eden space 38912K, 0% used [0x00000000e0000000,0x00000000e0000000,0x00000000e2600000)
  from space 5632K, 59% used [0x00000000e2b80000,0x00000000e2eca960,0x00000000e3100000)
  to   space 5632K, 0% used [0x00000000e2600000,0x00000000e2600000,0x00000000e2b80000)
 ParOldGen       total 48640K, used 27475K [0x00000000a0000000, 0x00000000a2f80000, 0x00000000e0000000)
  object space 48640K, 56% used [0x00000000a0000000,0x00000000a1ad4f00,0x00000000a2f80000)
 Metaspace       used 46505K, capacity 47830K, committed 48048K, reserved 1091584K
  class space    used 6241K, capacity 6539K, committed 6576K, reserved 1048576K
}
Event: 128.110 GC heap before
{Heap before GC invocations=35 (full 2):
 PSYoungGen      total 44544K, used 42282K [0x00000000e0000000, 0x00000000e3100000, 0x0000000100000000)
  eden space 38912K, 100% used [0x00000000e0000000,0x00000000e2600000,0x00000000e2600000)
  from space 5632K, 59% used [0x00000000e2b80000,0x00000000e2eca960,0x00000000e3100000)
  to   space 5632K, 0% used [0x00000000e2600000,0x00000000e2600000,0x00000000e2b80000)
 ParOldGen       total 48640K, used 27475K [0x00000000a0000000, 0x00000000a2f80000, 0x00000000e0000000)
  object space 48640K, 56% used [0x00000000a0000000,0x00000000a1ad4f00,0x00000000a2f80000)
 Metaspace       used 49175K, capacity 50552K, committed 50736K, reserved 1093632K
  class space    used 6603K, capacity 6934K, committed 6960K, reserved 1048576K
Event: 128.131 GC heap after
Heap after GC invocations=35 (full 2):
 PSYoungGen      total 44544K, used 5014K [0x00000000e0000000, 0x00000000e3b00000, 0x0000000100000000)
  eden space 38912K, 0% used [0x00000000e0000000,0x00000000e0000000,0x00000000e2600000)
  from space 5632K, 89% used [0x00000000e2600000,0x00000000e2ae5820,0x00000000e2b80000)
  to   space 6656K, 0% used [0x00000000e3480000,0x00000000e3480000,0x00000000e3b00000)
 ParOldGen       total 48640K, used 30075K [0x00000000a0000000, 0x00000000a2f80000, 0x00000000e0000000)
  object space 48640K, 61% used [0x00000000a0000000,0x00000000a1d5ef30,0x00000000a2f80000)
 Metaspace       used 49175K, capacity 50552K, committed 50736K, reserved 1093632K
  class space    used 6603K, capacity 6934K, committed 6960K, reserved 1048576K
}
Event: 137.311 GC heap before
{Heap before GC invocations=36 (full 2):
 PSYoungGen      total 44544K, used 43926K [0x00000000e0000000, 0x00000000e3b00000, 0x0000000100000000)
  eden space 38912K, 100% used [0x00000000e0000000,0x00000000e2600000,0x00000000e2600000)
  from space 5632K, 89% used [0x00000000e2600000,0x00000000e2ae5820,0x00000000e2b80000)
  to   space 6656K, 0% used [0x00000000e3480000,0x00000000e3480000,0x00000000e3b00000)
 ParOldGen       total 48640K, used 30075K [0x00000000a0000000, 0x00000000a2f80000, 0x00000000e0000000)
  object space 48640K, 61% used [0x00000000a0000000,0x00000000a1d5ef30,0x00000000a2f80000)
 Metaspace       used 50202K, capacity 51632K, committed 51760K, reserved 1093632K
  class space    used 6772K, capacity 7163K, committed 7216K, reserved 1048576K
Event: 137.892 GC heap after
Heap after GC invocations=36 (full 2):
 PSYoungGen      total 53248K, used 5489K [0x00000000e0000000, 0x00000000e3c80000, 0x0000000100000000)
  eden space 46592K, 0% used [0x00000000e0000000,0x00000000e0000000,0x00000000e2d80000)
  from space 6656K, 82% used [0x00000000e3480000,0x00000000e39dc5d0,0x00000000e3b00000)
  to   space 7168K, 0% used [0x00000000e2d80000,0x00000000e2d80000,0x00000000e3480000)
 ParOldGen       total 48640K, used 33039K [0x00000000a0000000, 0x00000000a2f80000, 0x00000000e0000000)
  object space 48640K, 67% used [0x00000000a0000000,0x00000000a2043f60,0x00000000a2f80000)
 Metaspace       used 50202K, capacity 51632K, committed 51760K, reserved 1093632K
  class space    used 6772K, capacity 7163K, committed 7216K, reserved 1048576K
}

